<?xml version="1.0" encoding="UTF-8"?>
<testsuite xmlns:xsi="http://www.w3.org/2001/XMLSchema-instance" xsi:noNamespaceSchemaLocation="https://maven.apache.org/surefire/maven-surefire-plugin/xsd/surefire-test-report.xsd" name="TestSuite" time="39.015" tests="38" errors="0" skipped="0" failures="0">
  <properties>
    <property name="java.runtime.name" value="Java(TM) SE Runtime Environment"/>
    <property name="sun.boot.library.path" value="C:\Program Files\Java\jdk1.8.0_172\jre\bin"/>
    <property name="java.vm.version" value="25.172-b11"/>
    <property name="java.vm.vendor" value="Oracle Corporation"/>
    <property name="maven.multiModuleProjectDirectory" value="C:/Users/Ainur/IdeaProjects/somethinNew/1"/>
    <property name="java.vendor.url" value="http://java.oracle.com/"/>
    <property name="path.separator" value=";"/>
    <property name="guice.disable.misplaced.annotation.check" value="true"/>
    <property name="java.vm.name" value="Java HotSpot(TM) 64-Bit Server VM"/>
    <property name="file.encoding.pkg" value="sun.io"/>
    <property name="user.script" value=""/>
    <property name="user.country" value="US"/>
    <property name="sun.java.launcher" value="SUN_STANDARD"/>
    <property name="sun.os.patch.level" value=""/>
    <property name="java.vm.specification.name" value="Java Virtual Machine Specification"/>
    <property name="user.dir" value="C:\Users\Ainur\IdeaProjects\somethinNew\1"/>
    <property name="java.runtime.version" value="1.8.0_172-b11"/>
    <property name="java.awt.graphicsenv" value="sun.awt.Win32GraphicsEnvironment"/>
    <property name="java.endorsed.dirs" value="C:\Program Files\Java\jdk1.8.0_172\jre\lib\endorsed"/>
    <property name="os.arch" value="amd64"/>
    <property name="java.io.tmpdir" value="C:\Users\Ainur\AppData\Local\Temp\"/>
    <property name="line.separator" value="&#10;"/>
    <property name="java.vm.specification.vendor" value="Oracle Corporation"/>
    <property name="user.variant" value=""/>
    <property name="os.name" value="Windows 10"/>
    <property name="classworlds.conf" value="C:/apache-maven-3.5.3/bin/m2.conf"/>
    <property name="sun.jnu.encoding" value="Cp1252"/>
    <property name="java.library.path" value="C:\Program Files\Java\jdk1.8.0_172\bin;C:\Windows\Sun\Java\bin;C:\Windows\system32;C:\Windows;C:\Users\Ainur\bin;C:\Program Files\Git\mingw64\bin;C:\Program Files\Git\usr\local\bin;C:\Program Files\Git\usr\bin;C:\Program Files\Git\usr\bin;C:\Program Files\Git\mingw64\bin;C:\Program Files\Git\usr\bin;C:\Users\Ainur\bin;C:\Program Files\Docker\Docker\Resources\bin;C:\Program Files (x86)\Common Files\Oracle\Java\javapath;C:\Windows\system32;C:\Windows;C:\Windows\System32\Wbem;C:\Windows\System32\WindowsPowerShell\v1.0;C:\Windows\System32\OpenSSH;C:\Program Files\Java\jdk1.8.0_172\bin;C:\apache-maven-3.5.3\bin;C:\Program Files (x86)\NVIDIA Corporation\PhysX\Common;C:\Program Files\Git\cmd;C:\Program Files (x86)\Skype\Phone;C:\Program Files\TortoiseSVN\bin;C:\Program Files\nodejs;C:\Users\Ainur\AppData\Local\Microsoft\WindowsApps;C:\Users\Ainur\AppData\Roaming\npm;C:\Program Files\Git\usr\bin\vendor_perl;C:\Program Files\Git\usr\bin\core_perl;."/>
    <property name="maven.conf" value="C:/apache-maven-3.5.3/conf"/>
    <property name="java.specification.name" value="Java Platform API Specification"/>
    <property name="java.class.version" value="52.0"/>
    <property name="sun.management.compiler" value="HotSpot 64-Bit Tiered Compilers"/>
    <property name="os.version" value="10.0"/>
    <property name="library.jansi.path" value="C:/apache-maven-3.5.3/lib/jansi-native"/>
    <property name="user.home" value="C:\Users\Ainur"/>
    <property name="user.timezone" value="Europe/Moscow"/>
    <property name="java.awt.printerjob" value="sun.awt.windows.WPrinterJob"/>
    <property name="java.specification.version" value="1.8"/>
    <property name="file.encoding" value="Cp1252"/>
    <property name="user.name" value="Ainur"/>
    <property name="java.class.path" value="C:/apache-maven-3.5.3/boot/plexus-classworlds-2.5.2.jar"/>
    <property name="java.vm.specification.version" value="1.8"/>
    <property name="sun.arch.data.model" value="64"/>
    <property name="java.home" value="C:\Program Files\Java\jdk1.8.0_172\jre"/>
    <property name="sun.java.command" value="org.codehaus.plexus.classworlds.launcher.Launcher clean test site"/>
    <property name="java.specification.vendor" value="Oracle Corporation"/>
    <property name="user.language" value="en"/>
    <property name="awt.toolkit" value="sun.awt.windows.WToolkit"/>
    <property name="java.vm.info" value="mixed mode"/>
    <property name="java.version" value="1.8.0_172"/>
    <property name="java.ext.dirs" value="C:\Program Files\Java\jdk1.8.0_172\jre\lib\ext;C:\Windows\Sun\Java\lib\ext"/>
    <property name="sun.boot.class.path" value="C:\Program Files\Java\jdk1.8.0_172\jre\lib\resources.jar;C:\Program Files\Java\jdk1.8.0_172\jre\lib\rt.jar;C:\Program Files\Java\jdk1.8.0_172\jre\lib\sunrsasign.jar;C:\Program Files\Java\jdk1.8.0_172\jre\lib\jsse.jar;C:\Program Files\Java\jdk1.8.0_172\jre\lib\jce.jar;C:\Program Files\Java\jdk1.8.0_172\jre\lib\charsets.jar;C:\Program Files\Java\jdk1.8.0_172\jre\lib\jfr.jar;C:\Program Files\Java\jdk1.8.0_172\jre\classes"/>
    <property name="java.vendor" value="Oracle Corporation"/>
    <property name="maven.home" value="C:\apache-maven-3.5.3"/>
    <property name="file.separator" value="\"/>
    <property name="java.vendor.url.bug" value="http://bugreport.sun.com/bugreport/"/>
    <property name="sun.cpu.endian" value="little"/>
    <property name="sun.io.unicode.encoding" value="UnicodeLittle"/>
    <property name="sun.desktop" value="windows"/>
    <property name="sun.cpu.isalist" value="amd64"/>
  </properties>
  <testcase name="testCreateUser_201" classname="com.github.bugscatcher.UserTests" time="2.426"/>
  <testcase name="testCreateUser_201" classname="com.github.bugscatcher.UserTests" time="0.562"/>
  <testcase name="testCreateUser_201" classname="com.github.bugscatcher.UserTests" time="0.424"/>
  <testcase name="testCreateUser_201" classname="com.github.bugscatcher.UserTests" time="0.373"/>
  <testcase name="testCreateUser_201" classname="com.github.bugscatcher.UserTests" time="0.689"/>
  <testcase name="testDelayedResponse_200" classname="com.github.bugscatcher.UserTests" time="5.533"/>
  <testcase name="testDelayedResponse_200" classname="com.github.bugscatcher.UserTests" time="10.558"/>
  <testcase name="testDelayedResponse_200" classname="com.github.bugscatcher.UserTests" time="0.573"/>
  <testcase name="testDelayedResponse_200" classname="com.github.bugscatcher.UserTests" time="0.388"/>
  <testcase name="testDeleteUser_204" classname="com.github.bugscatcher.UserTests" time="0.712"/>
  <testcase name="testListUsers_200" classname="com.github.bugscatcher.UserTests" time="0.72"/>
  <testcase name="testSingleUser_200" classname="com.github.bugscatcher.UserTests" time="0.363"/>
  <testcase name="testSingleUser_404" classname="com.github.bugscatcher.UserTests" time="0.377"/>
  <testcase name="testUpdateUser_PATCH_200" classname="com.github.bugscatcher.UserTests" time="0.405"/>
  <testcase name="testUpdateUser_PATCH_200" classname="com.github.bugscatcher.UserTests" time="0.372"/>
  <testcase name="testUpdateUser_PATCH_200" classname="com.github.bugscatcher.UserTests" time="0.521"/>
  <testcase name="testUpdateUser_PATCH_200" classname="com.github.bugscatcher.UserTests" time="0.682"/>
  <testcase name="testUpdateUser_PATCH_200" classname="com.github.bugscatcher.UserTests" time="0.384"/>
  <testcase name="testUpdateUser_PUT_200" classname="com.github.bugscatcher.UserTests" time="0.367"/>
  <testcase name="testUpdateUser_PUT_200" classname="com.github.bugscatcher.UserTests" time="0.375"/>
  <testcase name="testUpdateUser_PUT_200" classname="com.github.bugscatcher.UserTests" time="0.691"/>
  <testcase name="testUpdateUser_PUT_200" classname="com.github.bugscatcher.UserTests" time="0.392"/>
  <testcase name="testUpdateUser_PUT_200" classname="com.github.bugscatcher.UserTests" time="0.461"/>
  <testcase name="testRegister_201" classname="com.github.bugscatcher.RegisterTests" time="0.507"/>
  <testcase name="testRegister_201" classname="com.github.bugscatcher.RegisterTests" time="0.701"/>
  <testcase name="testRegister_400_1" classname="com.github.bugscatcher.RegisterTests" time="0.567"/>
  <testcase name="testRegister_400_1" classname="com.github.bugscatcher.RegisterTests" time="0.38"/>
  <testcase name="testRegister_400_2" classname="com.github.bugscatcher.RegisterTests" time="0.36"/>
  <testcase name="testRegister_400_2" classname="com.github.bugscatcher.RegisterTests" time="0.403"/>
  <testcase name="testLogin_200" classname="com.github.bugscatcher.LoginTests" time="0.523"/>
  <testcase name="testLogin_200" classname="com.github.bugscatcher.LoginTests" time="0.384"/>
  <testcase name="testLogin_400_1" classname="com.github.bugscatcher.LoginTests" time="0.569"/>
  <testcase name="testLogin_400_1" classname="com.github.bugscatcher.LoginTests" time="0.658"/>
  <testcase name="testLogin_400_2" classname="com.github.bugscatcher.LoginTests" time="0.545"/>
  <testcase name="testLogin_400_2" classname="com.github.bugscatcher.LoginTests" time="0.387"/>
  <testcase name="testListResource_200" classname="com.github.bugscatcher.ResourceTests" time="0.372"/>
  <testcase name="testSingleResource_200" classname="com.github.bugscatcher.ResourceTests" time="0.394"/>
  <testcase name="testSingleResource_404" classname="com.github.bugscatcher.ResourceTests" time="0.384"/>
</testsuite>