<?xml version="1.0" encoding="UTF-8"?>
<testsuite xmlns:xsi="http://www.w3.org/2001/XMLSchema-instance" xsi:noNamespaceSchemaLocation="https://maven.apache.org/surefire/maven-surefire-plugin/xsd/surefire-test-report.xsd" name="TestSuite" time="72.705" tests="47" errors="0" skipped="0" failures="0">
  <properties>
    <property name="java.runtime.name" value="Java(TM) SE Runtime Environment"/>
    <property name="sun.boot.library.path" value="C:\Program Files\Java\jdk1.8.0_172\jre\bin"/>
    <property name="java.vm.version" value="25.172-b11"/>
    <property name="java.vm.vendor" value="Oracle Corporation"/>
    <property name="maven.multiModuleProjectDirectory" value="C:\Users\Ainur\IdeaProjects\somethinNew\1"/>
    <property name="java.vendor.url" value="http://java.oracle.com/"/>
    <property name="path.separator" value=";"/>
    <property name="guice.disable.misplaced.annotation.check" value="true"/>
    <property name="java.vm.name" value="Java HotSpot(TM) 64-Bit Server VM"/>
    <property name="file.encoding.pkg" value="sun.io"/>
    <property name="user.script" value=""/>
    <property name="user.country" value="US"/>
    <property name="sun.java.launcher" value="SUN_STANDARD"/>
    <property name="sun.os.patch.level" value=""/>
    <property name="java.vm.specification.name" value="Java Virtual Machine Specification"/>
    <property name="user.dir" value="C:\Users\Ainur\IdeaProjects\somethinNew\1"/>
    <property name="java.runtime.version" value="1.8.0_172-b11"/>
    <property name="java.awt.graphicsenv" value="sun.awt.Win32GraphicsEnvironment"/>
    <property name="java.endorsed.dirs" value="C:\Program Files\Java\jdk1.8.0_172\jre\lib\endorsed"/>
    <property name="os.arch" value="amd64"/>
    <property name="java.io.tmpdir" value="C:\Users\Ainur\AppData\Local\Temp\"/>
    <property name="line.separator" value="&#10;"/>
    <property name="java.vm.specification.vendor" value="Oracle Corporation"/>
    <property name="user.variant" value=""/>
    <property name="os.name" value="Windows 10"/>
    <property name="classworlds.conf" value="C:\apache-maven-3.5.3\bin\..\bin\m2.conf"/>
    <property name="sun.jnu.encoding" value="Cp1252"/>
    <property name="java.library.path" value="C:\Program Files\Java\jdk1.8.0_172\bin;C:\Windows\Sun\Java\bin;C:\Windows\system32;C:\Windows;C:\Program Files\Docker\Docker\Resources\bin;C:\Program Files (x86)\Common Files\Oracle\Java\javapath;C:\Windows\system32;C:\Windows;C:\Windows\System32\Wbem;C:\Windows\System32\WindowsPowerShell\v1.0\;C:\Windows\System32\OpenSSH\;C:\Program Files\Java\jdk1.8.0_172\bin;C:\apache-maven-3.5.3\bin;C:\Program Files (x86)\NVIDIA Corporation\PhysX\Common;C:\Program Files\Git\cmd;C:\Program Files (x86)\Skype\Phone\;C:\Program Files\TortoiseSVN\bin;C:\Program Files\nodejs\;C:\Users\Ainur\AppData\Local\Microsoft\WindowsApps;C:\Users\Ainur\AppData\Roaming\npm;."/>
    <property name="maven.conf" value="C:\apache-maven-3.5.3\bin\../conf"/>
    <property name="java.specification.name" value="Java Platform API Specification"/>
    <property name="java.class.version" value="52.0"/>
    <property name="sun.management.compiler" value="HotSpot 64-Bit Tiered Compilers"/>
    <property name="os.version" value="10.0"/>
    <property name="library.jansi.path" value="C:\apache-maven-3.5.3\bin\..\lib\jansi-native"/>
    <property name="user.home" value="C:\Users\Ainur"/>
    <property name="user.timezone" value="Europe/Moscow"/>
    <property name="java.awt.printerjob" value="sun.awt.windows.WPrinterJob"/>
    <property name="java.specification.version" value="1.8"/>
    <property name="file.encoding" value="Cp1252"/>
    <property name="user.name" value="Ainur"/>
    <property name="java.class.path" value="C:\apache-maven-3.5.3\bin\..\boot\plexus-classworlds-2.5.2.jar"/>
    <property name="java.vm.specification.version" value="1.8"/>
    <property name="sun.arch.data.model" value="64"/>
    <property name="java.home" value="C:\Program Files\Java\jdk1.8.0_172\jre"/>
    <property name="sun.java.command" value="org.codehaus.plexus.classworlds.launcher.Launcher clean test site"/>
    <property name="java.specification.vendor" value="Oracle Corporation"/>
    <property name="user.language" value="en"/>
    <property name="awt.toolkit" value="sun.awt.windows.WToolkit"/>
    <property name="java.vm.info" value="mixed mode"/>
    <property name="java.version" value="1.8.0_172"/>
    <property name="java.ext.dirs" value="C:\Program Files\Java\jdk1.8.0_172\jre\lib\ext;C:\Windows\Sun\Java\lib\ext"/>
    <property name="sun.boot.class.path" value="C:\Program Files\Java\jdk1.8.0_172\jre\lib\resources.jar;C:\Program Files\Java\jdk1.8.0_172\jre\lib\rt.jar;C:\Program Files\Java\jdk1.8.0_172\jre\lib\sunrsasign.jar;C:\Program Files\Java\jdk1.8.0_172\jre\lib\jsse.jar;C:\Program Files\Java\jdk1.8.0_172\jre\lib\jce.jar;C:\Program Files\Java\jdk1.8.0_172\jre\lib\charsets.jar;C:\Program Files\Java\jdk1.8.0_172\jre\lib\jfr.jar;C:\Program Files\Java\jdk1.8.0_172\jre\classes"/>
    <property name="sun.stderr.encoding" value="cp437"/>
    <property name="java.vendor" value="Oracle Corporation"/>
    <property name="maven.home" value="C:\apache-maven-3.5.3\bin\.."/>
    <property name="file.separator" value="\"/>
    <property name="java.vendor.url.bug" value="http://bugreport.sun.com/bugreport/"/>
    <property name="sun.cpu.endian" value="little"/>
    <property name="sun.io.unicode.encoding" value="UnicodeLittle"/>
    <property name="sun.stdout.encoding" value="cp437"/>
    <property name="sun.desktop" value="windows"/>
    <property name="sun.cpu.isalist" value="amd64"/>
  </properties>
  <testcase name="testCreateUser_201" classname="com.github.bugscatcher.UserTests" time="2.772"/>
  <testcase name="testCreateUser_201" classname="com.github.bugscatcher.UserTests" time="1.09"/>
  <testcase name="testCreateUser_201" classname="com.github.bugscatcher.UserTests" time="1.11"/>
  <testcase name="testCreateUser_201" classname="com.github.bugscatcher.UserTests" time="1.13"/>
  <testcase name="testCreateUser_201" classname="com.github.bugscatcher.UserTests" time="1.113"/>
  <testcase name="testDelayedResponse_200" classname="com.github.bugscatcher.UserTests" time="6.216"/>
  <testcase name="testDelayedResponse_200" classname="com.github.bugscatcher.UserTests" time="11.094"/>
  <testcase name="testDelayedResponse_200" classname="com.github.bugscatcher.UserTests" time="1.086"/>
  <testcase name="testDelayedResponse_200" classname="com.github.bugscatcher.UserTests" time="1.087"/>
  <testcase name="testDeleteUser_204" classname="com.github.bugscatcher.UserTests" time="1.114"/>
  <testcase name="testDeleteUser_204" classname="com.github.bugscatcher.UserTests" time="1.08"/>
  <testcase name="testListUsers_200" classname="com.github.bugscatcher.UserTests" time="1.111"/>
  <testcase name="testListUsers_200" classname="com.github.bugscatcher.UserTests" time="1.083"/>
  <testcase name="testListUsers_200" classname="com.github.bugscatcher.UserTests" time="1.083"/>
  <testcase name="testSingleUser_200" classname="com.github.bugscatcher.UserTests" time="1.21"/>
  <testcase name="testSingleUser_200" classname="com.github.bugscatcher.UserTests" time="1.192"/>
  <testcase name="testSingleUser_404" classname="com.github.bugscatcher.UserTests" time="1.108"/>
  <testcase name="testSingleUser_404" classname="com.github.bugscatcher.UserTests" time="1.083"/>
  <testcase name="testUpdateUser_PATCH_200" classname="com.github.bugscatcher.UserTests" time="1.072"/>
  <testcase name="testUpdateUser_PATCH_200" classname="com.github.bugscatcher.UserTests" time="1.105"/>
  <testcase name="testUpdateUser_PATCH_200" classname="com.github.bugscatcher.UserTests" time="1.094"/>
  <testcase name="testUpdateUser_PATCH_200" classname="com.github.bugscatcher.UserTests" time="1.099"/>
  <testcase name="testUpdateUser_PATCH_200" classname="com.github.bugscatcher.UserTests" time="1.075"/>
  <testcase name="testUpdateUser_PUT_200" classname="com.github.bugscatcher.UserTests" time="1.093"/>
  <testcase name="testUpdateUser_PUT_200" classname="com.github.bugscatcher.UserTests" time="1.102"/>
  <testcase name="testUpdateUser_PUT_200" classname="com.github.bugscatcher.UserTests" time="1.063"/>
  <testcase name="testUpdateUser_PUT_200" classname="com.github.bugscatcher.UserTests" time="1.074"/>
  <testcase name="testUpdateUser_PUT_200" classname="com.github.bugscatcher.UserTests" time="1.099"/>
  <testcase name="testRegister_201" classname="com.github.bugscatcher.RegisterTests" time="1.114"/>
  <testcase name="testRegister_201" classname="com.github.bugscatcher.RegisterTests" time="1.086"/>
  <testcase name="testRegister_400_1" classname="com.github.bugscatcher.RegisterTests" time="1.073"/>
  <testcase name="testRegister_400_1" classname="com.github.bugscatcher.RegisterTests" time="1.066"/>
  <testcase name="testRegister_400_2" classname="com.github.bugscatcher.RegisterTests" time="1.082"/>
  <testcase name="testRegister_400_2" classname="com.github.bugscatcher.RegisterTests" time="1.284"/>
  <testcase name="testLogin_200" classname="com.github.bugscatcher.LoginTests" time="1.112"/>
  <testcase name="testLogin_200" classname="com.github.bugscatcher.LoginTests" time="1.065"/>
  <testcase name="testLogin_400_1" classname="com.github.bugscatcher.LoginTests" time="1.101"/>
  <testcase name="testLogin_400_1" classname="com.github.bugscatcher.LoginTests" time="1.058"/>
  <testcase name="testLogin_400_2" classname="com.github.bugscatcher.LoginTests" time="1.157"/>
  <testcase name="testLogin_400_2" classname="com.github.bugscatcher.LoginTests" time="1.092"/>
  <testcase name="testListResource_200" classname="com.github.bugscatcher.ResourceTests" time="1.288"/>
  <testcase name="testListResource_200" classname="com.github.bugscatcher.ResourceTests" time="1.102"/>
  <testcase name="testListResource_200" classname="com.github.bugscatcher.ResourceTests" time="1.111"/>
  <testcase name="testSingleResource_200" classname="com.github.bugscatcher.ResourceTests" time="1.094"/>
  <testcase name="testSingleResource_200" classname="com.github.bugscatcher.ResourceTests" time="1.089"/>
  <testcase name="testSingleResource_404" classname="com.github.bugscatcher.ResourceTests" time="1.096"/>
  <testcase name="testSingleResource_404" classname="com.github.bugscatcher.ResourceTests" time="1.073"/>
</testsuite>