<?xml version="1.0" encoding="UTF-8"?>
<!-- Generated by org.testng.reporters.JUnitReportReporter -->
<testsuite skipped="0" hostname="AINUR-BINADOX" name="com.github.bugscatcher.LoginTests" tests="6" failures="0" timestamp="06 Jun 2018 00:06:21 GMT" time="3.109" errors="0">
  <testcase name="testLogin_200" time="0.732" classname="com.github.bugscatcher.LoginTests"/>
  <testcase name="testLogin_400_2" time="0.543" classname="com.github.bugscatcher.LoginTests"/>
  <testcase name="testLogin_400_2" time="0.374" classname="com.github.bugscatcher.LoginTests"/>
  <testcase name="testLogin_400_1" time="0.361" classname="com.github.bugscatcher.LoginTests"/>
  <testcase name="testLogin_200" time="0.542" classname="com.github.bugscatcher.LoginTests"/>
  <testcase name="testLogin_400_1" time="0.557" classname="com.github.bugscatcher.LoginTests"/>
</testsuite> <!-- com.github.bugscatcher.LoginTests -->
