<?xml version="1.0" encoding="UTF-8"?>
<!-- Generated by org.testng.reporters.JUnitReportReporter -->
<testsuite skipped="0" hostname="AINUR-BINADOX" name="com.github.bugscatcher.UserTests" tests="23" failures="0" timestamp="06 Jun 2018 00:06:21 GMT" time="31.704" errors="0">
  <testcase name="testCreateUser_201" time="0.720" classname="com.github.bugscatcher.UserTests"/>
  <testcase name="testUpdateUser_PATCH_200" time="0.581" classname="com.github.bugscatcher.UserTests"/>
  <testcase name="testSingleUser_404" time="1.308" classname="com.github.bugscatcher.UserTests"/>
  <testcase name="testCreateUser_201" time="0.724" classname="com.github.bugscatcher.UserTests"/>
  <testcase name="testUpdateUser_PUT_200" time="0.561" classname="com.github.bugscatcher.UserTests"/>
  <testcase name="testDelayedResponse_200" time="0.569" classname="com.github.bugscatcher.UserTests"/>
  <testcase name="testUpdateUser_PUT_200" time="0.707" classname="com.github.bugscatcher.UserTests"/>
  <testcase name="testUpdateUser_PATCH_200" time="0.566" classname="com.github.bugscatcher.UserTests"/>
  <testcase name="testUpdateUser_PUT_200" time="0.743" classname="com.github.bugscatcher.UserTests"/>
  <testcase name="testUpdateUser_PUT_200" time="0.669" classname="com.github.bugscatcher.UserTests"/>
  <testcase name="testCreateUser_201" time="0.591" classname="com.github.bugscatcher.UserTests"/>
  <testcase name="testUpdateUser_PATCH_200" time="0.556" classname="com.github.bugscatcher.UserTests"/>
  <testcase name="testDelayedResponse_200" time="10.584" classname="com.github.bugscatcher.UserTests"/>
  <testcase name="testDelayedResponse_200" time="0.652" classname="com.github.bugscatcher.UserTests"/>
  <testcase name="testCreateUser_201" time="2.407" classname="com.github.bugscatcher.UserTests"/>
  <testcase name="testDeleteUser_204" time="0.388" classname="com.github.bugscatcher.UserTests"/>
  <testcase name="testUpdateUser_PATCH_200" time="0.736" classname="com.github.bugscatcher.UserTests"/>
  <testcase name="testCreateUser_201" time="0.705" classname="com.github.bugscatcher.UserTests"/>
  <testcase name="testListUsers_200" time="0.592" classname="com.github.bugscatcher.UserTests"/>
  <testcase name="testDelayedResponse_200" time="5.846" classname="com.github.bugscatcher.UserTests"/>
  <testcase name="testSingleUser_200" time="0.573" classname="com.github.bugscatcher.UserTests"/>
  <testcase name="testUpdateUser_PUT_200" time="0.369" classname="com.github.bugscatcher.UserTests"/>
  <testcase name="testUpdateUser_PATCH_200" time="0.557" classname="com.github.bugscatcher.UserTests"/>
</testsuite> <!-- com.github.bugscatcher.UserTests -->
