<?xml version="1.0" encoding="UTF-8"?>
<!-- Generated by org.testng.reporters.JUnitReportReporter -->
<testsuite skipped="0" hostname="AINUR-BINADOX" name="com.github.bugscatcher.LoginTests" tests="6" failures="0" timestamp="06 Jun 2018 00:25:59 GMT" time="3.103" errors="0">
  <testcase name="testLogin_400_2" time="0.405" classname="com.github.bugscatcher.LoginTests"/>
  <testcase name="testLogin_200" time="0.552" classname="com.github.bugscatcher.LoginTests"/>
  <testcase name="testLogin_200" time="0.373" classname="com.github.bugscatcher.LoginTests"/>
  <testcase name="testLogin_400_1" time="0.567" classname="com.github.bugscatcher.LoginTests"/>
  <testcase name="testLogin_400_2" time="0.533" classname="com.github.bugscatcher.LoginTests"/>
  <testcase name="testLogin_400_1" time="0.673" classname="com.github.bugscatcher.LoginTests"/>
</testsuite> <!-- com.github.bugscatcher.LoginTests -->
