<?xml version="1.0" encoding="UTF-8"?>
<!-- Generated by org.testng.reporters.JUnitReportReporter -->
<testsuite skipped="0" hostname="AINUR-BINADOX" name="com.github.bugscatcher.ResourceTests" tests="7" failures="0" timestamp="06 Jun 2018 10:46:19 GMT" time="7.842" errors="0">
  <testcase name="testSingleResource_200" time="1.086" classname="com.github.bugscatcher.ResourceTests"/>
  <testcase name="testSingleResource_404" time="1.072" classname="com.github.bugscatcher.ResourceTests"/>
  <testcase name="testListResource_200" time="1.287" classname="com.github.bugscatcher.ResourceTests"/>
  <testcase name="testListResource_200" time="1.098" classname="com.github.bugscatcher.ResourceTests"/>
  <testcase name="testSingleResource_200" time="1.104" classname="com.github.bugscatcher.ResourceTests"/>
  <testcase name="testSingleResource_404" time="1.089" classname="com.github.bugscatcher.ResourceTests"/>
  <testcase name="testListResource_200" time="1.106" classname="com.github.bugscatcher.ResourceTests"/>
</testsuite> <!-- com.github.bugscatcher.ResourceTests -->
