<?xml version="1.0" encoding="UTF-8"?>
<!-- Generated by org.testng.reporters.JUnitReportReporter -->
<testsuite skipped="0" hostname="AINUR-BINADOX" name="com.github.bugscatcher.UserTests" tests="23" failures="0" timestamp="06 Jun 2018 00:41:09 GMT" time="29.053" errors="0">
  <testcase name="testListUsers_200" time="0.719" classname="com.github.bugscatcher.UserTests"/>
  <testcase name="testUpdateUser_PUT_200" time="0.390" classname="com.github.bugscatcher.UserTests"/>
  <testcase name="testUpdateUser_PUT_200" time="0.365" classname="com.github.bugscatcher.UserTests"/>
  <testcase name="testUpdateUser_PUT_200" time="0.450" classname="com.github.bugscatcher.UserTests"/>
  <testcase name="testUpdateUser_PUT_200" time="1.111" classname="com.github.bugscatcher.UserTests"/>
  <testcase name="testDeleteUser_204" time="0.711" classname="com.github.bugscatcher.UserTests"/>
  <testcase name="testUpdateUser_PATCH_200" time="0.684" classname="com.github.bugscatcher.UserTests"/>
  <testcase name="testCreateUser_201" time="0.563" classname="com.github.bugscatcher.UserTests"/>
  <testcase name="testDelayedResponse_200" time="10.554" classname="com.github.bugscatcher.UserTests"/>
  <testcase name="testSingleUser_200" time="0.365" classname="com.github.bugscatcher.UserTests"/>
  <testcase name="testUpdateUser_PUT_200" time="0.691" classname="com.github.bugscatcher.UserTests"/>
  <testcase name="testUpdateUser_PATCH_200" time="0.394" classname="com.github.bugscatcher.UserTests"/>
  <testcase name="testUpdateUser_PATCH_200" time="0.518" classname="com.github.bugscatcher.UserTests"/>
  <testcase name="testDelayedResponse_200" time="0.384" classname="com.github.bugscatcher.UserTests"/>
  <testcase name="testDelayedResponse_200" time="5.531" classname="com.github.bugscatcher.UserTests"/>
  <testcase name="testCreateUser_201" time="0.372" classname="com.github.bugscatcher.UserTests"/>
  <testcase name="testUpdateUser_PATCH_200" time="0.374" classname="com.github.bugscatcher.UserTests"/>
  <testcase name="testUpdateUser_PATCH_200" time="0.371" classname="com.github.bugscatcher.UserTests"/>
  <testcase name="testSingleUser_404" time="0.372" classname="com.github.bugscatcher.UserTests"/>
  <testcase name="testCreateUser_201" time="0.417" classname="com.github.bugscatcher.UserTests"/>
  <testcase name="testCreateUser_201" time="2.464" classname="com.github.bugscatcher.UserTests"/>
  <testcase name="testDelayedResponse_200" time="0.573" classname="com.github.bugscatcher.UserTests"/>
  <testcase name="testCreateUser_201" time="0.680" classname="com.github.bugscatcher.UserTests"/>
</testsuite> <!-- com.github.bugscatcher.UserTests -->
