<?xml version="1.0" encoding="UTF-8"?>
<!-- Generated by org.testng.reporters.JUnitReportReporter -->
<testsuite skipped="0" hostname="AINUR-BINADOX" name="com.github.bugscatcher.RegisterTests" tests="6" failures="0" timestamp="06 Jun 2018 00:06:21 GMT" time="2.611" errors="0">
  <testcase name="testRegister_400_2" time="0.376" classname="com.github.bugscatcher.RegisterTests"/>
  <testcase name="testRegister_201" time="0.376" classname="com.github.bugscatcher.RegisterTests"/>
  <testcase name="testRegister_400_1" time="0.561" classname="com.github.bugscatcher.RegisterTests"/>
  <testcase name="testRegister_400_1" time="0.363" classname="com.github.bugscatcher.RegisterTests"/>
  <testcase name="testRegister_400_2" time="0.547" classname="com.github.bugscatcher.RegisterTests"/>
  <testcase name="testRegister_201" time="0.388" classname="com.github.bugscatcher.RegisterTests"/>
</testsuite> <!-- com.github.bugscatcher.RegisterTests -->
