<?xml version="1.0" encoding="UTF-8"?>
<!-- Generated by org.testng.reporters.JUnitReportReporter -->
<testsuite skipped="0" hostname="AINUR-BINADOX" name="com.github.bugscatcher.LoginTests" tests="6" failures="0" timestamp="06 Jun 2018 10:46:19 GMT" time="6.572" errors="0">
  <testcase name="testLogin_400_2" time="1.155" classname="com.github.bugscatcher.LoginTests"/>
  <testcase name="testLogin_400_1" time="1.096" classname="com.github.bugscatcher.LoginTests"/>
  <testcase name="testLogin_400_2" time="1.087" classname="com.github.bugscatcher.LoginTests"/>
  <testcase name="testLogin_400_1" time="1.065" classname="com.github.bugscatcher.LoginTests"/>
  <testcase name="testLogin_200" time="1.062" classname="com.github.bugscatcher.LoginTests"/>
  <testcase name="testLogin_200" time="1.107" classname="com.github.bugscatcher.LoginTests"/>
</testsuite> <!-- com.github.bugscatcher.LoginTests -->
