<?xml version="1.0" encoding="UTF-8"?>
<!-- Generated by org.testng.reporters.JUnitReportReporter -->
<testsuite skipped="0" hostname="AINUR-BINADOX" name="com.github.bugscatcher.RegisterTests" tests="6" failures="0" timestamp="06 Jun 2018 10:46:19 GMT" time="6.684" errors="0">
  <testcase name="testRegister_201" time="1.082" classname="com.github.bugscatcher.RegisterTests"/>
  <testcase name="testRegister_400_2" time="1.287" classname="com.github.bugscatcher.RegisterTests"/>
  <testcase name="testRegister_201" time="1.101" classname="com.github.bugscatcher.RegisterTests"/>
  <testcase name="testRegister_400_2" time="1.078" classname="com.github.bugscatcher.RegisterTests"/>
  <testcase name="testRegister_400_1" time="1.071" classname="com.github.bugscatcher.RegisterTests"/>
  <testcase name="testRegister_400_1" time="1.065" classname="com.github.bugscatcher.RegisterTests"/>
</testsuite> <!-- com.github.bugscatcher.RegisterTests -->
