<?xml version="1.0" encoding="UTF-8"?>
<!-- Generated by org.testng.reporters.JUnitReportReporter -->
<testsuite skipped="0" hostname="AINUR-BINADOX" name="com.github.bugscatcher.UserTests" tests="28" failures="0" timestamp="06 Jun 2018 10:46:19 GMT" time="48.439" errors="0">
  <testcase name="testCreateUser_201" time="1.110" classname="com.github.bugscatcher.UserTests"/>
  <testcase name="testUpdateUser_PUT_200" time="1.064" classname="com.github.bugscatcher.UserTests"/>
  <testcase name="testSingleUser_404" time="1.085" classname="com.github.bugscatcher.UserTests"/>
  <testcase name="testListUsers_200" time="1.084" classname="com.github.bugscatcher.UserTests"/>
  <testcase name="testSingleUser_200" time="1.187" classname="com.github.bugscatcher.UserTests"/>
  <testcase name="testSingleUser_200" time="1.204" classname="com.github.bugscatcher.UserTests"/>
  <testcase name="testUpdateUser_PUT_200" time="1.072" classname="com.github.bugscatcher.UserTests"/>
  <testcase name="testDelayedResponse_200" time="1.089" classname="com.github.bugscatcher.UserTests"/>
  <testcase name="testDelayedResponse_200" time="1.091" classname="com.github.bugscatcher.UserTests"/>
  <testcase name="testUpdateUser_PATCH_200" time="1.071" classname="com.github.bugscatcher.UserTests"/>
  <testcase name="testUpdateUser_PUT_200" time="1.909" classname="com.github.bugscatcher.UserTests"/>
  <testcase name="testDeleteUser_204" time="1.110" classname="com.github.bugscatcher.UserTests"/>
  <testcase name="testUpdateUser_PATCH_200" time="1.094" classname="com.github.bugscatcher.UserTests"/>
  <testcase name="testCreateUser_201" time="1.096" classname="com.github.bugscatcher.UserTests"/>
  <testcase name="testCreateUser_201" time="2.812" classname="com.github.bugscatcher.UserTests"/>
  <testcase name="testDeleteUser_204" time="1.078" classname="com.github.bugscatcher.UserTests"/>
  <testcase name="testUpdateUser_PATCH_200" time="1.100" classname="com.github.bugscatcher.UserTests"/>
  <testcase name="testCreateUser_201" time="1.122" classname="com.github.bugscatcher.UserTests"/>
  <testcase name="testCreateUser_201" time="1.098" classname="com.github.bugscatcher.UserTests"/>
  <testcase name="testDelayedResponse_200" time="11.094" classname="com.github.bugscatcher.UserTests"/>
  <testcase name="testUpdateUser_PATCH_200" time="1.070" classname="com.github.bugscatcher.UserTests"/>
  <testcase name="testSingleUser_404" time="1.099" classname="com.github.bugscatcher.UserTests"/>
  <testcase name="testUpdateUser_PATCH_200" time="1.099" classname="com.github.bugscatcher.UserTests"/>
  <testcase name="testDelayedResponse_200" time="6.218" classname="com.github.bugscatcher.UserTests"/>
  <testcase name="testUpdateUser_PUT_200" time="1.094" classname="com.github.bugscatcher.UserTests"/>
  <testcase name="testListUsers_200" time="1.085" classname="com.github.bugscatcher.UserTests"/>
  <testcase name="testListUsers_200" time="1.109" classname="com.github.bugscatcher.UserTests"/>
  <testcase name="testUpdateUser_PUT_200" time="1.095" classname="com.github.bugscatcher.UserTests"/>
</testsuite> <!-- com.github.bugscatcher.UserTests -->
