<?xml version="1.0" encoding="UTF-8"?>
<!-- Generated by org.testng.reporters.JUnitReportReporter -->
<testsuite skipped="0" hostname="AINUR-BINADOX" name="com.github.bugscatcher.UserTests" tests="23" failures="0" timestamp="06 Jun 2018 00:25:59 GMT" time="42.672" errors="0">
  <testcase name="testListUsers_200" time="0.593" classname="com.github.bugscatcher.UserTests"/>
  <testcase name="testUpdateUser_PUT_200" time="0.397" classname="com.github.bugscatcher.UserTests"/>
  <testcase name="testCreateUser_201" time="3.682" classname="com.github.bugscatcher.UserTests"/>
  <testcase name="testUpdateUser_PUT_200" time="0.390" classname="com.github.bugscatcher.UserTests"/>
  <testcase name="testCreateUser_201" time="2.878" classname="com.github.bugscatcher.UserTests"/>
  <testcase name="testSingleUser_404" time="0.701" classname="com.github.bugscatcher.UserTests"/>
  <testcase name="testUpdateUser_PUT_200" time="1.403" classname="com.github.bugscatcher.UserTests"/>
  <testcase name="testDelayedResponse_200" time="0.469" classname="com.github.bugscatcher.UserTests"/>
  <testcase name="testCreateUser_201" time="2.879" classname="com.github.bugscatcher.UserTests"/>
  <testcase name="testUpdateUser_PATCH_200" time="0.612" classname="com.github.bugscatcher.UserTests"/>
  <testcase name="testUpdateUser_PATCH_200" time="0.608" classname="com.github.bugscatcher.UserTests"/>
  <testcase name="testDelayedResponse_200" time="10.597" classname="com.github.bugscatcher.UserTests"/>
  <testcase name="testSingleUser_200" time="0.359" classname="com.github.bugscatcher.UserTests"/>
  <testcase name="testUpdateUser_PUT_200" time="0.378" classname="com.github.bugscatcher.UserTests"/>
  <testcase name="testUpdateUser_PATCH_200" time="0.618" classname="com.github.bugscatcher.UserTests"/>
  <testcase name="testDeleteUser_204" time="0.461" classname="com.github.bugscatcher.UserTests"/>
  <testcase name="testUpdateUser_PATCH_200" time="0.426" classname="com.github.bugscatcher.UserTests"/>
  <testcase name="testCreateUser_201" time="2.877" classname="com.github.bugscatcher.UserTests"/>
  <testcase name="testDelayedResponse_200" time="0.483" classname="com.github.bugscatcher.UserTests"/>
  <testcase name="testDelayedResponse_200" time="5.586" classname="com.github.bugscatcher.UserTests"/>
  <testcase name="testUpdateUser_PUT_200" time="1.371" classname="com.github.bugscatcher.UserTests"/>
  <testcase name="testCreateUser_201" time="3.680" classname="com.github.bugscatcher.UserTests"/>
  <testcase name="testUpdateUser_PATCH_200" time="1.224" classname="com.github.bugscatcher.UserTests"/>
</testsuite> <!-- com.github.bugscatcher.UserTests -->
