<?xml version="1.0" encoding="UTF-8"?>
<!-- Generated by org.testng.reporters.JUnitReportReporter -->
<testsuite skipped="0" hostname="AINUR-BINADOX" name="com.github.bugscatcher.LoginTests" tests="6" failures="0" timestamp="06 Jun 2018 00:41:09 GMT" time="3.030" errors="0">
  <testcase name="testLogin_400_1" time="0.565" classname="com.github.bugscatcher.LoginTests"/>
  <testcase name="testLogin_400_1" time="0.657" classname="com.github.bugscatcher.LoginTests"/>
  <testcase name="testLogin_200" time="0.521" classname="com.github.bugscatcher.LoginTests"/>
  <testcase name="testLogin_200" time="0.372" classname="com.github.bugscatcher.LoginTests"/>
  <testcase name="testLogin_400_2" time="0.379" classname="com.github.bugscatcher.LoginTests"/>
  <testcase name="testLogin_400_2" time="0.536" classname="com.github.bugscatcher.LoginTests"/>
</testsuite> <!-- com.github.bugscatcher.LoginTests -->
