<?xml version="1.0" encoding="UTF-8"?>
<!-- Generated by org.testng.reporters.JUnitReportReporter -->
<testsuite skipped="0" hostname="AINUR-BINADOX" name="com.github.bugscatcher.ResourceTests" tests="3" failures="0" timestamp="06 Jun 2018 00:25:59 GMT" time="1.141" errors="0">
  <testcase name="testSingleResource_200" time="0.369" classname="com.github.bugscatcher.ResourceTests"/>
  <testcase name="testListResource_200" time="0.401" classname="com.github.bugscatcher.ResourceTests"/>
  <testcase name="testSingleResource_404" time="0.371" classname="com.github.bugscatcher.ResourceTests"/>
</testsuite> <!-- com.github.bugscatcher.ResourceTests -->
